Daily activity on Thu Apr  3 06:29:01 UTC 2025
Daily activity on Fri Apr  4 06:28:23 UTC 2025
Daily activity on Sat Apr  5 06:26:09 UTC 2025
Daily activity on Sun Apr  6 06:27:00 UTC 2025
Daily activity on Mon Apr  7 06:29:24 UTC 2025
Daily activity on Tue Apr  8 06:29:23 UTC 2025
Daily activity on Wed Apr  9 06:29:25 UTC 2025
Daily activity on Thu Apr 10 06:28:57 UTC 2025
Daily activity on Fri Apr 11 06:28:41 UTC 2025
Daily activity on Sat Apr 12 06:25:57 UTC 2025
Daily activity on Sun Apr 13 06:26:56 UTC 2025
Daily activity on Mon Apr 14 06:30:31 UTC 2025
Daily activity on Tue Apr 15 06:29:02 UTC 2025
Daily activity on Wed Apr 16 06:29:04 UTC 2025
Daily activity on Thu Apr 17 06:28:52 UTC 2025
Daily activity on Fri Apr 18 06:28:39 UTC 2025
Daily activity on Sat Apr 19 06:26:30 UTC 2025
Daily activity on Sun Apr 20 06:26:58 UTC 2025
Daily activity on Mon Apr 21 06:29:02 UTC 2025
Daily activity on Tue Apr 22 06:29:07 UTC 2025
Daily activity on Wed Apr 23 06:29:06 UTC 2025
Daily activity on Thu Apr 24 06:29:37 UTC 2025
Daily activity on Fri Apr 25 06:29:12 UTC 2025
Daily activity on Sat Apr 26 06:26:33 UTC 2025
Daily activity on Sun Apr 27 06:26:50 UTC 2025
Daily activity on Mon Apr 28 06:36:23 UTC 2025
